2023-05-11 13:50:22,067 INFO com.example.graduate_work_team2.GraduateWorkTeam2Application [main] Starting GraduateWorkTeam2Application using Java 17.0.7 on KatOli4ka with PID 9672 (C:\Users\Zver\IdeaProjects\Graduate_work_Team-2\target\classes started by Катя in C:\Users\Zver\IdeaProjects\Graduate_work_Team-2)
2023-05-11 13:50:22,074 INFO com.example.graduate_work_team2.GraduateWorkTeam2Application [main] No active profile set, falling back to 1 default profile: "default"
2023-05-11 13:50:26,476 INFO org.springframework.data.repository.config.RepositoryConfigurationDelegate [main] Bootstrapping Spring Data JPA repositories in DEFAULT mode.
2023-05-11 13:50:26,719 INFO org.springframework.data.repository.config.RepositoryConfigurationDelegate [main] Finished Spring Data repository scanning in 215 ms. Found 4 JPA repository interfaces.
2023-05-11 13:50:29,156 INFO org.springframework.boot.web.embedded.tomcat.TomcatWebServer [main] Tomcat initialized with port(s): 8080 (http)
2023-05-11 13:50:29,186 INFO org.apache.coyote.http11.Http11NioProtocol [main] Initializing ProtocolHandler ["http-nio-8080"]
2023-05-11 13:50:29,188 INFO org.apache.catalina.core.StandardService [main] Starting service [Tomcat]
2023-05-11 13:50:29,189 INFO org.apache.catalina.core.StandardEngine [main] Starting Servlet engine: [Apache Tomcat/9.0.63]
2023-05-11 13:50:29,532 INFO org.apache.catalina.core.ContainerBase.[Tomcat].[localhost].[/] [main] Initializing Spring embedded WebApplicationContext
2023-05-11 13:50:29,532 INFO org.springframework.boot.web.servlet.context.ServletWebServerApplicationContext [main] Root WebApplicationContext: initialization completed in 7193 ms
2023-05-11 13:50:30,267 INFO org.hibernate.jpa.internal.util.LogHelper [main] HHH000204: Processing PersistenceUnitInfo [name: default]
2023-05-11 13:50:30,593 INFO org.hibernate.Version [main] HHH000412: Hibernate ORM core version 5.6.9.Final
2023-05-11 13:50:31,285 INFO org.hibernate.annotations.common.Version [main] HCANN000001: Hibernate Commons Annotations {5.1.2.Final}
2023-05-11 13:50:31,703 INFO com.zaxxer.hikari.HikariDataSource [main] HikariPool-1 - Starting...
2023-05-11 13:50:33,126 INFO com.zaxxer.hikari.HikariDataSource [main] HikariPool-1 - Start completed.
2023-05-11 13:50:33,306 INFO org.hibernate.dialect.Dialect [main] HHH000400: Using dialect: org.hibernate.dialect.PostgresPlusDialect
2023-05-11 13:50:40,563 INFO org.hibernate.engine.transaction.jta.platform.internal.JtaPlatformInitiator [main] HHH000490: Using JtaPlatform implementation: [org.hibernate.engine.transaction.jta.platform.internal.NoJtaPlatform]
2023-05-11 13:50:40,707 INFO org.springframework.orm.jpa.LocalContainerEntityManagerFactoryBean [main] Initialized JPA EntityManagerFactory for persistence unit 'default'
2023-05-11 13:50:44,826 WARN org.springframework.boot.autoconfigure.orm.jpa.JpaBaseConfiguration$JpaWebConfiguration [main] spring.jpa.open-in-view is enabled by default. Therefore, database queries may be performed during view rendering. Explicitly configure spring.jpa.open-in-view to disable this warning
2023-05-11 13:50:47,246 INFO org.springframework.security.web.DefaultSecurityFilterChain [main] Will secure any request with [org.springframework.security.web.session.DisableEncodeUrlFilter@54eb2bf6, org.springframework.security.web.context.request.async.WebAsyncManagerIntegrationFilter@6d01f2e5, org.springframework.security.web.context.SecurityContextPersistenceFilter@72d7afff, org.springframework.security.web.header.HeaderWriterFilter@67376bae, org.springframework.web.filter.CorsFilter@66e434e8, org.springframework.security.web.authentication.logout.LogoutFilter@1a56f608, org.springframework.security.web.authentication.www.BasicAuthenticationFilter@257708e, org.springframework.security.web.savedrequest.RequestCacheAwareFilter@7b43f95c, org.springframework.security.web.servletapi.SecurityContextHolderAwareRequestFilter@49392256, org.springframework.security.web.authentication.AnonymousAuthenticationFilter@3a7d6976, org.springframework.security.web.session.SessionManagementFilter@17c72ffa, org.springframework.security.web.access.ExceptionTranslationFilter@41e76252, org.springframework.security.web.access.intercept.AuthorizationFilter@19656e21]
2023-05-11 13:50:48,204 INFO org.apache.coyote.http11.Http11NioProtocol [main] Starting ProtocolHandler ["http-nio-8080"]
2023-05-11 13:50:48,308 INFO org.springframework.boot.web.embedded.tomcat.TomcatWebServer [main] Tomcat started on port(s): 8080 (http) with context path ''
2023-05-11 13:50:48,354 INFO com.example.graduate_work_team2.GraduateWorkTeam2Application [main] Started GraduateWorkTeam2Application in 28.223 seconds (JVM running for 32.986)
2023-05-11 13:54:25,364 INFO org.springframework.orm.jpa.LocalContainerEntityManagerFactoryBean [SpringApplicationShutdownHook] Closing JPA EntityManagerFactory for persistence unit 'default'
2023-05-11 13:54:25,390 INFO com.zaxxer.hikari.HikariDataSource [SpringApplicationShutdownHook] HikariPool-1 - Shutdown initiated...
2023-05-11 13:54:25,413 INFO com.zaxxer.hikari.HikariDataSource [SpringApplicationShutdownHook] HikariPool-1 - Shutdown completed.
